C51 COMPILER V9.53.0.0   INITDEVICE                                                        01/21/2016 23:19:39 PAGE 1   


C51 COMPILER V9.53.0.0, COMPILATION OF MODULE INITDEVICE
OBJECT MODULE PLACED IN .\src/InitDevice.OBJ
COMPILER INVOKED BY: Z:\home\pp\SimplicityStudio_v3\developer\toolchains\keil_8051\9.53\BIN\C51.exe /home/pp/apps/u2f-ze
                    -ro/u2f-firmware/src/InitDevice.c OMF2 SMALL DEBUG OBJECTEXTEND ROM(LARGE) WARNINGLEVEL(2) FLOATFUZZY(3) OPTIMIZE(8,SPEED
                    -) INTVECTOR(0X0000) INTPROMOTE INCDIR(/home/pp/apps/u2f-zero/u2f-firmware/inc/config;/home/pp/apps/u2f-zero/u2f-firmware
                    -/inc;/home/pp/SimplicityStudio_v3/developer/sdks/si8051/v3//Device/shared/si8051Base;/home/pp/SimplicityStudio_v3/develo
                    -per/sdks/si8051/v3//Device/EFM8UB1;/home/pp/SimplicityStudio_v3/developer/sdks/si8051/v3//Device/EFM8UB1/inc;/home/pp/Si
                    -mplicityStudio_v3/developer/sdks/si8051/v3//Lib/efm8_usb/inc;/home/pp/SimplicityStudio_v3/developer/sdks/si8051/v3//Devi
                    -ce/EFM8UB1/peripheral_driver/inc;/home/pp/SimplicityStudio_v3/developer/sdks/si8051/v3//Lib/efm8_assert) PRINT(.\src/Ini
                    -tDevice.lst) COND PAGEWIDTH(120) PAGELENGTH(65) OBJECT(.\src/InitDevice.OBJ)

line level    source

   1          //=========================================================
   2          // src/InitDevice.c: generated by Hardware Configurator
   3          //
   4          // This file will be regenerated when saving a document.
   5          // leave the sections inside the "$[...]" comment tags alone
   6          // or they will be overwritten!
   7          //=========================================================
   8          
   9          // USER INCLUDES
  10          #include <SI_EFM8UB1_Register_Enums.h>
  11          #include "InitDevice.h"
  12          
  13          // USER PROTOTYPES
  14          // USER FUNCTIONS
  15          
  16          // $[Library Includes]
  17          #include "efm8_usb.h"
  18          #include "descriptors.h"
  19          #include "usb_0.h"
  20          // [Library Includes]$
  21          
  22          //==============================================================================
  23          // enter_DefaultMode_from_RESET
  24          //==============================================================================
  25          extern void enter_DefaultMode_from_RESET(void) {
  26   1              // $[Config Calls]
  27   1              // Save the SFRPAGE
  28   1              uint8_t SFRPAGE_save = SFRPAGE;
  29   1              WDT_0_enter_DefaultMode_from_RESET();
  30   1              VREG_0_enter_DefaultMode_from_RESET();
  31   1              PORTS_0_enter_DefaultMode_from_RESET();
  32   1              PBCFG_0_enter_DefaultMode_from_RESET();
  33   1              CIP51_0_enter_DefaultMode_from_RESET();
  34   1              CLOCK_0_enter_DefaultMode_from_RESET();
  35   1              TIMER01_0_enter_DefaultMode_from_RESET();
  36   1              TIMER_SETUP_0_enter_DefaultMode_from_RESET();
  37   1              UART_0_enter_DefaultMode_from_RESET();
  38   1              INTERRUPT_0_enter_DefaultMode_from_RESET();
  39   1              USBLIB_0_enter_DefaultMode_from_RESET();
  40   1              // Restore the SFRPAGE
  41   1              SFRPAGE = SFRPAGE_save;
  42   1              // [Config Calls]$
  43   1      
  44   1      }
  45          
  46          extern void WDT_0_enter_DefaultMode_from_RESET(void) {
  47   1              // $[WDTCN - Watchdog Timer Control]
  48   1              SFRPAGE = 0x00;
  49   1              //Disable Watchdog with key sequence
C51 COMPILER V9.53.0.0   INITDEVICE                                                        01/21/2016 23:19:39 PAGE 2   

  50   1              WDTCN = 0xDE; //First key
  51   1              WDTCN = 0xAD; //Second key
  52   1              // [WDTCN - Watchdog Timer Control]$
  53   1      
  54   1      }
  55          
  56          extern void TIMER01_0_enter_DefaultMode_from_RESET(void) {
  57   1              // $[Timer Initialization]
  58   1              //Save Timer Configuration
  59   1              uint8_t TCON_save;
  60   1              TCON_save = TCON;
  61   1              //Stop Timers
  62   1              TCON &= ~TCON_TR0__BMASK & ~TCON_TR1__BMASK;
  63   1      
  64   1              // [Timer Initialization]$
  65   1      
  66   1              // $[TH0 - Timer 0 High Byte]
  67   1              // [TH0 - Timer 0 High Byte]$
  68   1      
  69   1              // $[TL0 - Timer 0 Low Byte]
  70   1              // [TL0 - Timer 0 Low Byte]$
  71   1      
  72   1              // $[TH1 - Timer 1 High Byte]
  73   1              /*
  74   1               // TH1 (Timer 1 High Byte) = 0x30
  75   1               */
  76   1              TH1 = (0x30 << TH1_TH1__SHIFT);
  77   1              // [TH1 - Timer 1 High Byte]$
  78   1      
  79   1              // $[TL1 - Timer 1 Low Byte]
  80   1              // [TL1 - Timer 1 Low Byte]$
  81   1      
  82   1              // $[Timer Restoration]
  83   1              //Restore Timer Configuration
  84   1              TCON |= (TCON_save & TCON_TR0__BMASK) | (TCON_save & TCON_TR1__BMASK);
  85   1      
  86   1              // [Timer Restoration]$
  87   1      
  88   1      }
  89          
  90          extern void TIMER_SETUP_0_enter_DefaultMode_from_RESET(void) {
  91   1              // $[CKCON0 - Clock Control 0]
  92   1              /*
  93   1               // SCA (Timer 0/1 Prescale) = SYSCLK_DIV_12 (System clock divided by 12.)
  94   1               // T0M (Timer 0 Clock Select) = PRESCALE (Counter/Timer 0 uses the clock
  95   1               //     defined by the prescale field, SCA.)
  96   1               // T2MH (Timer 2 High Byte Clock Select) = EXTERNAL_CLOCK (Timer 2 high
  97   1               //     byte uses the clock defined by T2XCLK in TMR2CN0.)
  98   1               // T2ML (Timer 2 Low Byte Clock Select) = EXTERNAL_CLOCK (Timer 2 low
  99   1               //     byte uses the clock defined by T2XCLK in TMR2CN0.)
 100   1               // T3MH (Timer 3 High Byte Clock Select) = EXTERNAL_CLOCK (Timer 3 high
 101   1               //     byte uses the clock defined by T3XCLK in TMR3CN0.)
 102   1               // T3ML (Timer 3 Low Byte Clock Select) = EXTERNAL_CLOCK (Timer 3 low
 103   1               //     byte uses the clock defined by T3XCLK in TMR3CN0.)
 104   1               // T1M (Timer 1 Clock Select) = SYSCLK (Timer 1 uses the system clock.)
 105   1               */
 106   1              CKCON0 = CKCON0_SCA__SYSCLK_DIV_12 | CKCON0_T0M__PRESCALE
 107   1                              | CKCON0_T2MH__EXTERNAL_CLOCK | CKCON0_T2ML__EXTERNAL_CLOCK
 108   1                              | CKCON0_T3MH__EXTERNAL_CLOCK | CKCON0_T3ML__EXTERNAL_CLOCK
 109   1                              | CKCON0_T1M__SYSCLK;
 110   1              // [CKCON0 - Clock Control 0]$
 111   1      
 112   1              // $[CKCON1 - Clock Control 1]
C51 COMPILER V9.53.0.0   INITDEVICE                                                        01/21/2016 23:19:39 PAGE 3   

 113   1              // [CKCON1 - Clock Control 1]$
 114   1      
 115   1              // $[TMOD - Timer 0/1 Mode]
 116   1              /*
 117   1               // T0M (Timer 0 Mode Select) = MODE0 (Mode 0, 13-bit Counter/Timer)
 118   1               // T1M (Timer 1 Mode Select) = MODE2 (Mode 2, 8-bit Counter/Timer with
 119   1               //     Auto-Reload)
 120   1               // CT0 (Counter/Timer 0 Select) = TIMER (Timer Mode. Timer 0 increments
 121   1               //     on the clock defined by T0M in the CKCON0 register.)
 122   1               // GATE0 (Timer 0 Gate Control) = DISABLED (Timer 0 enabled when TR0 = 1
 123   1               //     irrespective of INT0 logic level.)
 124   1               // CT1 (Counter/Timer 1 Select) = TIMER (Timer Mode. Timer 1 increments
 125   1               //     on the clock defined by T1M in the CKCON0 register.)
 126   1               // GATE1 (Timer 1 Gate Control) = DISABLED (Timer 1 enabled when TR1 = 1
 127   1               //     irrespective of INT1 logic level.)
 128   1               */
 129   1              TMOD = TMOD_T0M__MODE0 | TMOD_T1M__MODE2 | TMOD_CT0__TIMER
 130   1                              | TMOD_GATE0__DISABLED | TMOD_CT1__TIMER | TMOD_GATE1__DISABLED;
 131   1              // [TMOD - Timer 0/1 Mode]$
 132   1      
 133   1              // $[TCON - Timer 0/1 Control]
 134   1              /*
 135   1               // TR1 (Timer 1 Run Control) = RUN (Start Timer 1 running.)
 136   1               */
 137   1              TCON |= TCON_TR1__RUN;
 138   1              // [TCON - Timer 0/1 Control]$
 139   1      
 140   1      }
 141          
 142          extern void UART_0_enter_DefaultMode_from_RESET(void) {
 143   1              // $[SCON0 - UART0 Serial Port Control]
 144   1              /*
 145   1               // REN (Receive Enable) = RECEIVE_ENABLED (UART0 reception enabled.)
 146   1               */
 147   1              SCON0 |= SCON0_REN__RECEIVE_ENABLED;
 148   1              // [SCON0 - UART0 Serial Port Control]$
 149   1      
 150   1      }
 151          
 152          extern void USBLIB_0_enter_DefaultMode_from_RESET(void) {
 153   1              // $[USBD Init]
 154   1              USBD_Init (&initstruct);
 155   1              // [USBD Init]$
 156   1      
 157   1      }
 158          
 159          extern void VREG_0_enter_DefaultMode_from_RESET(void) {
 160   1              // $[REG0CN - Voltage Regulator 0 Control]
 161   1              // [REG0CN - Voltage Regulator 0 Control]$
 162   1      
 163   1              // $[REG1CN - Voltage Regulator 1 Control]
 164   1              /*
 165   1               // REG1ENB (Voltage Regulator 1 Disable) = ENABLED (Regulator is
 166   1               //     enabled.)
 167   1               // BIASENB (Regulator Bias Disable) = DISABLED (Regulator bias is
 168   1               //     disabled.)
 169   1               // SUSEN (Voltage Regulator 1 Suspend Enable) = NORMAL (The 5V regulator
 170   1               //     is in normal power mode. Normal mode is the highest performance mode
 171   1               //     for the regulator.)
 172   1               */
 173   1              SFRPAGE = 0x20;
 174   1              REG1CN = REG1CN_REG1ENB__ENABLED | REG1CN_BIASENB__DISABLED
 175   1                              | REG1CN_SUSEN__NORMAL;
C51 COMPILER V9.53.0.0   INITDEVICE                                                        01/21/2016 23:19:39 PAGE 4   

 176   1              // [REG1CN - Voltage Regulator 1 Control]$
 177   1      
 178   1      }
 179          
 180          extern void CIP51_0_enter_DefaultMode_from_RESET(void) {
 181   1              // $[PFE0CN - Prefetch Engine Control]
 182   1              /*
 183   1               // PFEN (Prefetch Enable) = ENABLED (Enable the prefetch engine (SYSCLK >
 184   1               //     25 MHz).)
 185   1               // FLRT (Flash Read Timing) = SYSCLK_BELOW_50_MHZ (SYSCLK < 50 MHz.)
 186   1               */
 187   1              SFRPAGE = 0x10;
 188   1              PFE0CN = PFE0CN_PFEN__ENABLED | PFE0CN_FLRT__SYSCLK_BELOW_50_MHZ;
 189   1              // [PFE0CN - Prefetch Engine Control]$
 190   1      
 191   1      }
 192          
 193          extern void CLOCK_0_enter_DefaultMode_from_RESET(void) {
 194   1              // $[HFOSC1 Setup]
 195   1              // Ensure SYSCLK is > 24 MHz before switching to HFOSC1
 196   1              SFRPAGE = 0x00;
 197   1              CLKSEL = CLKSEL_CLKSL__HFOSC0 | CLKSEL_CLKDIV__SYSCLK_DIV_1;
 198   1              CLKSEL = CLKSEL_CLKSL__HFOSC0 | CLKSEL_CLKDIV__SYSCLK_DIV_1;
 199   1              while (CLKSEL & CLKSEL_DIVRDY__BMASK == CLKSEL_DIVRDY__NOT_READY)
 200   1                      ;
 201   1              // [HFOSC1 Setup]$
 202   1      
 203   1              // $[CLKSEL - Clock Select]
 204   1              /*
 205   1               // CLKSL (Clock Source Select) = HFOSC1 (Clock derived from the Internal
 206   1               //     High Frequency Oscillator 1.)
 207   1               // CLKDIV (Clock Source Divider) = SYSCLK_DIV_1 (SYSCLK is equal to
 208   1               //     selected clock source divided by 1.)
 209   1               // CLKSL (Clock Source Select) = HFOSC1 (Clock derived from the Internal
 210   1               //     High Frequency Oscillator 1.)
 211   1               // CLKDIV (Clock Source Divider) = SYSCLK_DIV_1 (SYSCLK is equal to
 212   1               //     selected clock source divided by 1.)
 213   1               */
 214   1              CLKSEL = CLKSEL_CLKSL__HFOSC1 | CLKSEL_CLKDIV__SYSCLK_DIV_1;
 215   1              CLKSEL = CLKSEL_CLKSL__HFOSC1 | CLKSEL_CLKDIV__SYSCLK_DIV_1;
 216   1              while (CLKSEL & CLKSEL_DIVRDY__BMASK == CLKSEL_DIVRDY__NOT_READY)
 217   1                      ;
 218   1              // [CLKSEL - Clock Select]$
 219   1      
 220   1      }
 221          
 222          extern void INTERRUPT_0_enter_DefaultMode_from_RESET(void) {
 223   1              // $[EIE1 - Extended Interrupt Enable 1]
 224   1              /*
 225   1               // EADC0 (ADC0 Conversion Complete Interrupt Enable) = DISABLED (Disable
 226   1               //     ADC0 Conversion Complete interrupt.)
 227   1               // EWADC0 (ADC0 Window Comparison Interrupt Enable) = DISABLED (Disable
 228   1               //     ADC0 Window Comparison interrupt.)
 229   1               // ECP0 (Comparator0 (CP0) Interrupt Enable) = DISABLED (Disable CP0
 230   1               //     interrupts.)
 231   1               // ECP1 (Comparator1 (CP1) Interrupt Enable) = DISABLED (Disable CP1
 232   1               //     interrupts.)
 233   1               // EMAT (Port Match Interrupts Enable) = ENABLED (Enable interrupt
 234   1               //     requests generated by a Port Match.)
 235   1               // EPCA0 (Programmable Counter Array (PCA0) Interrupt Enable) = DISABLED
 236   1               //     (Disable all PCA0 interrupts.)
 237   1               // ESMB0 (SMBus (SMB0) Interrupt Enable) = DISABLED (Disable all SMB0
 238   1               //     interrupts.)
C51 COMPILER V9.53.0.0   INITDEVICE                                                        01/21/2016 23:19:39 PAGE 5   

 239   1               // ET3 (Timer 3 Interrupt Enable) = DISABLED (Disable Timer 3
 240   1               //     interrupts.)
 241   1               */
 242   1              EIE1 = EIE1_EADC0__DISABLED | EIE1_EWADC0__DISABLED | EIE1_ECP0__DISABLED
 243   1                              | EIE1_ECP1__DISABLED | EIE1_EMAT__ENABLED | EIE1_EPCA0__DISABLED
 244   1                              | EIE1_ESMB0__DISABLED | EIE1_ET3__DISABLED;
 245   1              // [EIE1 - Extended Interrupt Enable 1]$
 246   1      
 247   1              // $[EIE2 - Extended Interrupt Enable 2]
 248   1              // [EIE2 - Extended Interrupt Enable 2]$
 249   1      
 250   1              // $[EIP1H - Extended Interrupt Priority 1 High]
 251   1              // [EIP1H - Extended Interrupt Priority 1 High]$
 252   1      
 253   1              // $[EIP1 - Extended Interrupt Priority 1 Low]
 254   1              // [EIP1 - Extended Interrupt Priority 1 Low]$
 255   1      
 256   1              // $[EIP2 - Extended Interrupt Priority 2]
 257   1              // [EIP2 - Extended Interrupt Priority 2]$
 258   1      
 259   1              // $[EIP2H - Extended Interrupt Priority 2 High]
 260   1              // [EIP2H - Extended Interrupt Priority 2 High]$
 261   1      
 262   1              // $[IE - Interrupt Enable]
 263   1              /*
 264   1               // EA (All Interrupts Enable) = ENABLED (Enable each interrupt according
 265   1               //     to its individual mask setting.)
 266   1               // EX0 (External Interrupt 0 Enable) = DISABLED (Disable external
 267   1               //     interrupt 0.)
 268   1               // EX1 (External Interrupt 1 Enable) = DISABLED (Disable external
 269   1               //     interrupt 1.)
 270   1               // ESPI0 (SPI0 Interrupt Enable) = DISABLED (Disable all SPI0
 271   1               //     interrupts.)
 272   1               // ET0 (Timer 0 Interrupt Enable) = DISABLED (Disable all Timer 0
 273   1               //     interrupt.)
 274   1               // ET1 (Timer 1 Interrupt Enable) = DISABLED (Disable all Timer 1
 275   1               //     interrupt.)
 276   1               // ET2 (Timer 2 Interrupt Enable) = DISABLED (Disable Timer 2 interrupt.)
 277   1               // ES0 (UART0 Interrupt Enable) = DISABLED (Disable UART0 interrupt.)
 278   1               */
 279   1              IE = IE_EA__ENABLED | IE_EX0__DISABLED | IE_EX1__DISABLED
 280   1                              | IE_ESPI0__DISABLED | IE_ET0__DISABLED | IE_ET1__DISABLED
 281   1                              | IE_ET2__DISABLED | IE_ES0__DISABLED;
 282   1              // [IE - Interrupt Enable]$
 283   1      
 284   1              // $[IP - Interrupt Priority]
 285   1              // [IP - Interrupt Priority]$
 286   1      
 287   1              // $[IPH - Interrupt Priority High]
 288   1              // [IPH - Interrupt Priority High]$
 289   1      
 290   1      }
 291          
 292          extern void PBCFG_0_enter_DefaultMode_from_RESET(void) {
 293   1              // $[XBR2 - Port I/O Crossbar 2]
 294   1              /*
 295   1               // WEAKPUD (Port I/O Weak Pullup Disable) = PULL_UPS_ENABLED (Weak
 296   1               //     Pullups enabled (except for Ports whose I/O are configured for analog
 297   1               //     mode).)
 298   1               // XBARE (Crossbar Enable) = ENABLED (Crossbar enabled.)
 299   1               // URT1E (UART1 I/O Enable) = DISABLED (UART1 I/O unavailable at Port
 300   1               //     pin.)
 301   1               // URT1RTSE (UART1 RTS Output Enable) = DISABLED (UART1 RTS1 unavailable
C51 COMPILER V9.53.0.0   INITDEVICE                                                        01/21/2016 23:19:39 PAGE 6   

 302   1               //     at Port pin.)
 303   1               // URT1CTSE (UART1 CTS Input Enable) = DISABLED (UART1 CTS1 unavailable
 304   1               //     at Port pin.)
 305   1               */
 306   1              XBR2 = XBR2_WEAKPUD__PULL_UPS_ENABLED | XBR2_XBARE__ENABLED
 307   1                              | XBR2_URT1E__DISABLED | XBR2_URT1RTSE__DISABLED
 308   1                              | XBR2_URT1CTSE__DISABLED;
 309   1              // [XBR2 - Port I/O Crossbar 2]$
 310   1      
 311   1              // $[PRTDRV - Port Drive Strength]
 312   1              // [PRTDRV - Port Drive Strength]$
 313   1      
 314   1              // $[XBR0 - Port I/O Crossbar 0]
 315   1              /*
 316   1               // URT0E (UART0 I/O Enable) = ENABLED (UART0 TX0, RX0 routed to Port pins
 317   1               //     P0.4 and P0.5.)
 318   1               // SPI0E (SPI I/O Enable) = DISABLED (SPI I/O unavailable at Port pins.)
 319   1               // SMB0E (SMB0 I/O Enable) = DISABLED (SMBus 0 I/O unavailable at Port
 320   1               //     pins.)
 321   1               // CP0E (Comparator0 Output Enable) = DISABLED (CP0 unavailable at Port
 322   1               //     pin.)
 323   1               // CP0AE (Comparator0 Asynchronous Output Enable) = DISABLED
 324   1               //     (Asynchronous CP0 unavailable at Port pin.)
 325   1               // CP1E (Comparator1 Output Enable) = DISABLED (CP1 unavailable at Port
 326   1               //     pin.)
 327   1               // CP1AE (Comparator1 Asynchronous Output Enable) = DISABLED
 328   1               //     (Asynchronous CP1 unavailable at Port pin.)
 329   1               // SYSCKE (SYSCLK Output Enable) = DISABLED (SYSCLK unavailable at Port
 330   1               //     pin.)
 331   1               */
 332   1              XBR0 = XBR0_URT0E__ENABLED | XBR0_SPI0E__DISABLED | XBR0_SMB0E__DISABLED
 333   1                              | XBR0_CP0E__DISABLED | XBR0_CP0AE__DISABLED | XBR0_CP1E__DISABLED
 334   1                              | XBR0_CP1AE__DISABLED | XBR0_SYSCKE__DISABLED;
 335   1              // [XBR0 - Port I/O Crossbar 0]$
 336   1      
 337   1              // $[XBR1 - Port I/O Crossbar 1]
 338   1              // [XBR1 - Port I/O Crossbar 1]$
 339   1      
 340   1      }
 341          
 342          extern void PORTS_0_enter_DefaultMode_from_RESET(void) {
 343   1              // $[P0 - Port 0 Pin Latch]
 344   1              /*
 345   1               // B0 (Port 0 Bit 0 Latch) = HIGH (P0.0 is high. Set P0.0 to drive or
 346   1               //     float high.)
 347   1               // B1 (Port 0 Bit 1 Latch) = HIGH (P0.1 is high. Set P0.1 to drive or
 348   1               //     float high.)
 349   1               // B2 (Port 0 Bit 2 Latch) = HIGH (P0.2 is high. Set P0.2 to drive or
 350   1               //     float high.)
 351   1               // B3 (Port 0 Bit 3 Latch) = HIGH (P0.3 is high. Set P0.3 to drive or
 352   1               //     float high.)
 353   1               // B4 (Port 0 Bit 4 Latch) = HIGH (P0.4 is high. Set P0.4 to drive or
 354   1               //     float high.)
 355   1               // B5 (Port 0 Bit 5 Latch) = HIGH (P0.5 is high. Set P0.5 to drive or
 356   1               //     float high.)
 357   1               // B6 (Port 0 Bit 6 Latch) = HIGH (P0.6 is high. Set P0.6 to drive or
 358   1               //     float high.)
 359   1               // B7 (Port 0 Bit 7 Latch) = HIGH (P0.7 is high. Set P0.7 to drive or
 360   1               //     float high.)
 361   1               */
 362   1              SFRPAGE = 0x00;
 363   1              P0 = P0_B0__HIGH | P0_B1__HIGH | P0_B2__HIGH | P0_B3__HIGH | P0_B4__HIGH
 364   1                              | P0_B5__HIGH | P0_B6__HIGH | P0_B7__HIGH;
C51 COMPILER V9.53.0.0   INITDEVICE                                                        01/21/2016 23:19:39 PAGE 7   

 365   1              // [P0 - Port 0 Pin Latch]$
 366   1      
 367   1              // $[P0MDOUT - Port 0 Output Mode]
 368   1              /*
 369   1               // B0 (Port 0 Bit 0 Output Mode) = OPEN_DRAIN (P0.0 output is open-
 370   1               //     drain.)
 371   1               // B1 (Port 0 Bit 1 Output Mode) = OPEN_DRAIN (P0.1 output is open-
 372   1               //     drain.)
 373   1               // B2 (Port 0 Bit 2 Output Mode) = OPEN_DRAIN (P0.2 output is open-
 374   1               //     drain.)
 375   1               // B3 (Port 0 Bit 3 Output Mode) = OPEN_DRAIN (P0.3 output is open-
 376   1               //     drain.)
 377   1               // B4 (Port 0 Bit 4 Output Mode) = PUSH_PULL (P0.4 output is push-pull.)
 378   1               // B5 (Port 0 Bit 5 Output Mode) = OPEN_DRAIN (P0.5 output is open-
 379   1               //     drain.)
 380   1               // B6 (Port 0 Bit 6 Output Mode) = OPEN_DRAIN (P0.6 output is open-
 381   1               //     drain.)
 382   1               // B7 (Port 0 Bit 7 Output Mode) = OPEN_DRAIN (P0.7 output is open-
 383   1               //     drain.)
 384   1               */
 385   1              P0MDOUT = P0MDOUT_B0__OPEN_DRAIN | P0MDOUT_B1__OPEN_DRAIN
 386   1                              | P0MDOUT_B2__OPEN_DRAIN | P0MDOUT_B3__OPEN_DRAIN
 387   1                              | P0MDOUT_B4__PUSH_PULL | P0MDOUT_B5__OPEN_DRAIN
 388   1                              | P0MDOUT_B6__OPEN_DRAIN | P0MDOUT_B7__OPEN_DRAIN;
 389   1              // [P0MDOUT - Port 0 Output Mode]$
 390   1      
 391   1              // $[P0MDIN - Port 0 Input Mode]
 392   1              /*
 393   1               // B0 (Port 0 Bit 0 Input Mode) = DIGITAL (P0.0 pin is configured for
 394   1               //     digital mode.)
 395   1               // B1 (Port 0 Bit 1 Input Mode) = DIGITAL (P0.1 pin is configured for
 396   1               //     digital mode.)
 397   1               // B2 (Port 0 Bit 2 Input Mode) = DIGITAL (P0.2 pin is configured for
 398   1               //     digital mode.)
 399   1               // B3 (Port 0 Bit 3 Input Mode) = DIGITAL (P0.3 pin is configured for
 400   1               //     digital mode.)
 401   1               // B4 (Port 0 Bit 4 Input Mode) = DIGITAL (P0.4 pin is configured for
 402   1               //     digital mode.)
 403   1               // B5 (Port 0 Bit 5 Input Mode) = DIGITAL (P0.5 pin is configured for
 404   1               //     digital mode.)
 405   1               // B6 (Port 0 Bit 6 Input Mode) = DIGITAL (P0.6 pin is configured for
 406   1               //     digital mode.)
 407   1               // B7 (Port 0 Bit 7 Input Mode) = DIGITAL (P0.7 pin is configured for
 408   1               //     digital mode.)
 409   1               */
 410   1              P0MDIN = P0MDIN_B0__DIGITAL | P0MDIN_B1__DIGITAL | P0MDIN_B2__DIGITAL
 411   1                              | P0MDIN_B3__DIGITAL | P0MDIN_B4__DIGITAL | P0MDIN_B5__DIGITAL
 412   1                              | P0MDIN_B6__DIGITAL | P0MDIN_B7__DIGITAL;
 413   1              // [P0MDIN - Port 0 Input Mode]$
 414   1      
 415   1              // $[P0SKIP - Port 0 Skip]
 416   1              /*
 417   1               // B0 (Port 0 Bit 0 Skip) = NOT_SKIPPED (P0.0 pin is not skipped by the
 418   1               //     crossbar.)
 419   1               // B1 (Port 0 Bit 1 Skip) = NOT_SKIPPED (P0.1 pin is not skipped by the
 420   1               //     crossbar.)
 421   1               // B2 (Port 0 Bit 2 Skip) = NOT_SKIPPED (P0.2 pin is not skipped by the
 422   1               //     crossbar.)
 423   1               // B3 (Port 0 Bit 3 Skip) = NOT_SKIPPED (P0.3 pin is not skipped by the
 424   1               //     crossbar.)
 425   1               // B4 (Port 0 Bit 4 Skip) = NOT_SKIPPED (P0.4 pin is not skipped by the
 426   1               //     crossbar.)
 427   1               // B5 (Port 0 Bit 5 Skip) = NOT_SKIPPED (P0.5 pin is not skipped by the
C51 COMPILER V9.53.0.0   INITDEVICE                                                        01/21/2016 23:19:39 PAGE 8   

 428   1               //     crossbar.)
 429   1               // B6 (Port 0 Bit 6 Skip) = NOT_SKIPPED (P0.6 pin is not skipped by the
 430   1               //     crossbar.)
 431   1               // B7 (Port 0 Bit 7 Skip) = NOT_SKIPPED (P0.7 pin is not skipped by the
 432   1               //     crossbar.)
 433   1               */
 434   1              P0SKIP = P0SKIP_B0__NOT_SKIPPED | P0SKIP_B1__NOT_SKIPPED
 435   1                              | P0SKIP_B2__NOT_SKIPPED | P0SKIP_B3__NOT_SKIPPED
 436   1                              | P0SKIP_B4__NOT_SKIPPED | P0SKIP_B5__NOT_SKIPPED
 437   1                              | P0SKIP_B6__NOT_SKIPPED | P0SKIP_B7__NOT_SKIPPED;
 438   1              // [P0SKIP - Port 0 Skip]$
 439   1      
 440   1              // $[P0MASK - Port 0 Mask]
 441   1              /*
 442   1               // B0 (Port 0 Bit 0 Mask Value) = IGNORED (P0.0 pin logic value is
 443   1               //     ignored and will not cause a port mismatch event.)
 444   1               // B1 (Port 0 Bit 1 Mask Value) = IGNORED (P0.1 pin logic value is
 445   1               //     ignored and will not cause a port mismatch event.)
 446   1               // B2 (Port 0 Bit 2 Mask Value) = COMPARED (P0.2 pin logic value is
 447   1               //     compared to P0MAT.2.)
 448   1               // B3 (Port 0 Bit 3 Mask Value) = COMPARED (P0.3 pin logic value is
 449   1               //     compared to P0MAT.3.)
 450   1               // B4 (Port 0 Bit 4 Mask Value) = IGNORED (P0.4 pin logic value is
 451   1               //     ignored and will not cause a port mismatch event.)
 452   1               // B5 (Port 0 Bit 5 Mask Value) = IGNORED (P0.5 pin logic value is
 453   1               //     ignored and will not cause a port mismatch event.)
 454   1               // B6 (Port 0 Bit 6 Mask Value) = IGNORED (P0.6 pin logic value is
 455   1               //     ignored and will not cause a port mismatch event.)
 456   1               // B7 (Port 0 Bit 7 Mask Value) = IGNORED (P0.7 pin logic value is
 457   1               //     ignored and will not cause a port mismatch event.)
 458   1               */
 459   1              P0MASK = P0MASK_B0__IGNORED | P0MASK_B1__IGNORED | P0MASK_B2__COMPARED
 460   1                              | P0MASK_B3__COMPARED | P0MASK_B4__IGNORED | P0MASK_B5__IGNORED
 461   1                              | P0MASK_B6__IGNORED | P0MASK_B7__IGNORED;
 462   1              // [P0MASK - Port 0 Mask]$
 463   1      
 464   1              // $[P0MAT - Port 0 Match]
 465   1              /*
 466   1               // B0 (Port 0 Bit 0 Match Value) = HIGH (P0.0 pin logic value is compared
 467   1               //     with logic HIGH.)
 468   1               // B1 (Port 0 Bit 1 Match Value) = HIGH (P0.1 pin logic value is compared
 469   1               //     with logic HIGH.)
 470   1               // B2 (Port 0 Bit 2 Match Value) = HIGH (P0.2 pin logic value is compared
 471   1               //     with logic HIGH.)
 472   1               // B3 (Port 0 Bit 3 Match Value) = HIGH (P0.3 pin logic value is compared
 473   1               //     with logic HIGH.)
 474   1               // B4 (Port 0 Bit 4 Match Value) = HIGH (P0.4 pin logic value is compared
 475   1               //     with logic HIGH.)
 476   1               // B5 (Port 0 Bit 5 Match Value) = HIGH (P0.5 pin logic value is compared
 477   1               //     with logic HIGH.)
 478   1               // B6 (Port 0 Bit 6 Match Value) = HIGH (P0.6 pin logic value is compared
 479   1               //     with logic HIGH.)
 480   1               // B7 (Port 0 Bit 7 Match Value) = HIGH (P0.7 pin logic value is compared
 481   1               //     with logic HIGH.)
 482   1               */
 483   1              P0MAT = P0MAT_B0__HIGH | P0MAT_B1__HIGH | P0MAT_B2__HIGH | P0MAT_B3__HIGH
 484   1                              | P0MAT_B4__HIGH | P0MAT_B5__HIGH | P0MAT_B6__HIGH | P0MAT_B7__HIGH;
 485   1              // [P0MAT - Port 0 Match]$
 486   1      
 487   1      }
 488          


C51 COMPILER V9.53.0.0   INITDEVICE                                                        01/21/2016 23:19:39 PAGE 9   

MODULE INFORMATION:   STATIC OVERLAYABLE
   CODE SIZE        =    155    ----
   CONSTANT SIZE    =   ----    ----
   XDATA SIZE       =   ----    ----
   PDATA SIZE       =   ----    ----
   DATA SIZE        =   ----       1
   IDATA SIZE       =   ----    ----
   BIT SIZE         =   ----    ----
   EDATA SIZE       =   ----    ----
   HDATA SIZE       =   ----    ----
   XDATA CONST SIZE =   ----    ----
   FAR CONST SIZE   =   ----    ----
END OF MODULE INFORMATION.


C51 COMPILATION COMPLETE.  0 WARNING(S),  0 ERROR(S)
