C51 COMPILER V9.53.0.0   ASSERT                                                            03/29/2016 00:06:40 PAGE 1   


C51 COMPILER V9.53.0.0, COMPILATION OF MODULE ASSERT
OBJECT MODULE PLACED IN .\lib/efm8_assert/assert.OBJ
COMPILER INVOKED BY: Z:\home\pp\SimplicityStudio_v3\developer\toolchains\keil_8051\9.53\BIN\C51.exe /home/pp/apps/u2f-ze
                    -ro/firmware/lib/efm8_assert/assert.c OMF2 LARGE DEBUG OBJECTEXTEND ROM(LARGE) WARNINGLEVEL(2) FLOATFUZZY(3) OPTIMIZE(9,S
                    -IZE) INTVECTOR(0X0000) INTPROMOTE INCDIR(/home/pp/apps/u2f-zero/firmware/inc/config;/home/pp/apps/u2f-zero/firmware/inc;
                    -/home/pp/apps/u2f-zero/firmware/tests;/home/pp/SimplicityStudio_v3/developer/sdks/si8051/v3//Device/shared/si8051Base;/h
                    -ome/pp/SimplicityStudio_v3/developer/sdks/si8051/v3//Device/EFM8UB1;/home/pp/SimplicityStudio_v3/developer/sdks/si8051/v
                    -3//Device/EFM8UB1/inc;/home/pp/SimplicityStudio_v3/developer/sdks/si8051/v3//Lib/efm8_usb/inc;/home/pp/SimplicityStudio_
                    -v3/developer/sdks/si8051/v3//Device/EFM8UB1/peripheral_driver/inc;/home/pp/SimplicityStudio_v3/developer/sdks/si8051/v3/
                    -/Lib/efm8_assert) REGFILE(u2f-firmware.ORC) PRINT(.\lib/efm8_assert/assert.lst) COND PAGEWIDTH(120) PAGELENGTH(65) OBJEC
                    -T(.\lib/efm8_assert/assert.OBJ)

line level    source

   1          /**************************************************************************//**
   2           * Copyright (c) 2015 by Silicon Laboratories Inc. All rights reserved.
   3           *
   4           * http://developer.silabs.com/legal/version/v11/Silicon_Labs_Software_License_Agreement.txt
   5           *****************************************************************************/
   6          
   7          #ifndef NDEBUG
   8          void slab_Assert( const char * file, int line )
   9          {
  10   1        file = file;
  11   1        line = line;
  12   1      
  13   1        while ( 1 );
  14   1      }
  15          #endif


MODULE INFORMATION:   STATIC OVERLAYABLE
   CODE SIZE        =      2    ----
   CONSTANT SIZE    =   ----    ----
   XDATA SIZE       =   ----    ----
   PDATA SIZE       =   ----    ----
   DATA SIZE        =   ----    ----
   IDATA SIZE       =   ----    ----
   BIT SIZE         =   ----    ----
   EDATA SIZE       =   ----    ----
   HDATA SIZE       =   ----    ----
   XDATA CONST SIZE =   ----    ----
   FAR CONST SIZE   =   ----    ----
END OF MODULE INFORMATION.


C51 COMPILATION COMPLETE.  0 WARNING(S),  0 ERROR(S)
